<?xml version="1.0" encoding="UTF-8"?>
<!-- Generated by org.testng.reporters.JUnitReportReporter -->
<testsuite skipped="2" hostname="MMs-MacBook-Air.home" name="ThreeStarsPageTest" tests="3" failures="0" timestamp="08 Apr 2020 19:15:38 GMT" time="199.070" errors="0">
  <testcase name="threeStarHotelsList" time="199.070" classname="ThreeStarsPageTest"/>
  <testcase name="verifyTitle" classname="ThreeStarsPageTest">
    <skipped/>
  </testcase> <!-- verifyTitle -->
  <testcase name="getHeader" classname="ThreeStarsPageTest">
    <skipped/>
  </testcase> <!-- getHeader -->
</testsuite> <!-- ThreeStarsPageTest -->
