<?xml version="1.0" encoding="UTF-8"?>
<!-- Generated by org.testng.reporters.JUnitReportReporter -->
<testsuite skipped="0" hostname="MMs-MacBook-Air.home" name="FourStarsPageTest" tests="3" failures="0" timestamp="08 Apr 2020 19:15:38 GMT" time="218.940" errors="0">
  <testcase name="verifyTitle" time="10.910" classname="FourStarsPageTest"/>
  <testcase name="getHeader" time="11.209" classname="FourStarsPageTest"/>
  <testcase name="fourStarHotelsList" time="196.821" classname="FourStarsPageTest"/>
</testsuite> <!-- FourStarsPageTest -->
