<?xml version="1.0" encoding="UTF-8"?>
<!-- Generated by org.testng.reporters.JUnitReportReporter -->
<testsuite skipped="0" hostname="MMs-MacBook-Air.home" name="HomePageTest" tests="1" failures="0" timestamp="08 Apr 2020 19:15:38 GMT" time="15.440" errors="0">
  <testcase name="HomePage" time="15.440" classname="HomePageTest"/>
</testsuite> <!-- HomePageTest -->
